Arguments: 
  /Users/macbook/.nvm/versions/node/v10.15.1/bin/node /Users/macbook/.nvm/versions/node/v10.15.1/bin/yarn

PATH: 
  /Users/macbook/.rvm/gems/ruby-2.6.0/bin:/Users/macbook/.rvm/gems/ruby-2.6.0@global/bin:/Users/macbook/.rvm/rubies/ruby-2.6.0/bin:/Users/macbook/.nvm/versions/node/v10.15.1/bin:/usr/local/bin:/usr/bin:/bin:/usr/sbin:/sbin:/Library/TeX/texbin:/usr/local/MacGPG2/bin:/usr/local/share/dotnet:/opt/X11/bin:~/.dotnet/tools:/Library/Frameworks/Mono.framework/Versions/Current/Commands:/usr/local/git/bin:/Users/macbook/.rvm/gems/ruby-2.6.0/bin:/Users/macbook/.rvm/gems/ruby-2.6.0@global/bin:/Users/macbook/.rvm/rubies/ruby-2.6.0/bin:/Users/macbook/.nvm/versions/node/v10.15.1/bin:/Users/macbook/.rvm/bin:/Users/macbook/.rvm/bin

Yarn version: 
  1.15.2

Node version: 
  10.15.1

Platform: 
  darwin x64

Trace: 
  SyntaxError: /Users/macbook/sandbox/tamm/re-cli/package.json: Unexpected string in JSON at position 578
      at JSON.parse (<anonymous>)
      at /Users/macbook/.nvm/versions/node/v10.15.1/lib/node_modules/yarn/lib/cli.js:1625:59
      at Generator.next (<anonymous>)
      at step (/Users/macbook/.nvm/versions/node/v10.15.1/lib/node_modules/yarn/lib/cli.js:304:30)
      at /Users/macbook/.nvm/versions/node/v10.15.1/lib/node_modules/yarn/lib/cli.js:315:13

npm manifest: 
  {
    "name": "solid-cli",
    "version": "1.0.14",
    "bin": {
      "solid-cli": "./index.js"
    },
    "description": "Tool to create tasks in node js",
    "main": "index.js",
    "scripts": {
      "crap": "node ./crap.js",
      "test": "jest",
      "run": "babel-node index2.js"
    },
    "preferGlobal": true,
    "keywords": [
      "yeoman-generator",
      "cli",
      "automation",
      "generator",
      "task"
    ],
    "files": [
      "generators"
    ],
    "author": "eguurt@gmail.com",
    "license": "ISC",
    "dependencies": {
      "colors": "^1.1.2",
      "ejs": "^2.6.1",
      "pluralize": "^4.0.0"
    "devDependencies": {
      "@babel/cli": "^7.4.3",
      "@babel/core": "^7.4.3",
      "@babel/node": "^7.2.2",
      "@babel/preset-env": "^7.4.3",
      "@babel/preset-typescript": "^7.3.3",
      "@types/ejs": "^2.6.3",
      "@types/inquirer": "^6.0.0",
      "@types/jest": "^24.0.11",
      "babel-jest": "^24.7.1",
      "inquirer": "^6.3.1",
      "jest": "^24.7.1"
    }
  }

yarn manifest: 
  No manifest

Lockfile: 
  No lockfile
